<?xml version="1.0" encoding="UTF-8"?>
<testsuite xmlns:xsi="http://www.w3.org/2001/XMLSchema-instance" xsi:noNamespaceSchemaLocation="https://maven.apache.org/surefire/maven-surefire-plugin/xsd/surefire-test-report-3.0.xsd" version="3.0" name="stepDefinations.RunnerTest" time="3.649" tests="1" errors="0" skipped="0" failures="0">
  <properties>
[...]
</properties>
  <testcase name="Verify add place ,get place and delete place" classname="Verify add place ,get place and delete place" time="2.933">
    <system-out><![CDATA[name:Pasaydanaddress:Kamanlanguage:Marathi
delete response:{"status":"OK"}
delete response:{"status":"OK"}
]]></system-out>
  </testcase>
</testsuite>